# JRE version: OpenJDK Runtime Environment (8.0_222-b10) (build 1.8.0_222-8u222-b10-1ubuntu1~16.04.1-b10)
# Java VM: OpenJDK 64-Bit Server VM (25.222-b10 mixed mode linux-amd64 compressed oops)
Heap:
 PSYoungGen      total 232960K, used 0K [0x00000000eab00000, 0x0000000100000000, 0x0000000100000000)
  eden space 116736K, 0% used [0x00000000eab00000,0x00000000eab00000,0x00000000f1d00000)
  from space 116224K, 0% used [0x00000000f1d00000,0x00000000f1d00000,0x00000000f8e80000)
  to   space 116224K, 0% used [0x00000000f8e80000,0x00000000f8e80000,0x0000000100000000)
 ParOldGen       total 442368K, used 416805K [0x00000000c0000000, 0x00000000db000000, 0x00000000eab00000)
  object space 442368K, 94% used [0x00000000c0000000,0x00000000d9709418,0x00000000db000000)
 Metaspace       used 65307K, capacity 70842K, committed 71640K, reserved 1112064K
  class space    used 8564K, capacity 9537K, committed 9728K, reserved 1048576K
GC Heap History (10 events):
Event: 11732.556 GC heap after
Heap after GC invocations=55 (full 4):
 PSYoungGen      total 232960K, used 102912K [0x00000000eab00000, 0x0000000100000000, 0x0000000100000000)
  eden space 116736K, 0% used [0x00000000eab00000,0x00000000eab00000,0x00000000f1d00000)
  from space 116224K, 88% used [0x00000000f1d00000,0x00000000f8180000,0x00000000f8e80000)
  to   space 116224K, 0% used [0x00000000f8e80000,0x00000000f8e80000,0x0000000100000000)
 ParOldGen       total 442368K, used 248565K [0x00000000c0000000, 0x00000000db000000, 0x00000000eab00000)
  object space 442368K, 56% used [0x00000000c0000000,0x00000000cf2bd788,0x00000000db000000)
 Metaspace       used 65307K, capacity 70842K, committed 71640K, reserved 1112064K
  class space    used 8564K, capacity 9537K, committed 9728K, reserved 1048576K
}
Event: 11733.087 GC heap before
{Heap before GC invocations=56 (full 4):
 PSYoungGen      total 232960K, used 219648K [0x00000000eab00000, 0x0000000100000000, 0x0000000100000000)
  eden space 116736K, 100% used [0x00000000eab00000,0x00000000f1d00000,0x00000000f1d00000)
  from space 116224K, 88% used [0x00000000f1d00000,0x00000000f8180000,0x00000000f8e80000)
  to   space 116224K, 0% used [0x00000000f8e80000,0x00000000f8e80000,0x0000000100000000)
 ParOldGen       total 442368K, used 248565K [0x00000000c0000000, 0x00000000db000000, 0x00000000eab00000)
  object space 442368K, 56% used [0x00000000c0000000,0x00000000cf2bd788,0x00000000db000000)
 Metaspace       used 65307K, capacity 70842K, committed 71640K, reserved 1112064K
  class space    used 8564K, capacity 9537K, committed 9728K, reserved 1048576K
Event: 11733.246 GC heap after
Heap after GC invocations=56 (full 4):
 PSYoungGen      total 232960K, used 105760K [0x00000000eab00000, 0x0000000100000000, 0x0000000100000000)
  eden space 116736K, 0% used [0x00000000eab00000,0x00000000eab00000,0x00000000f1d00000)
  from space 116224K, 90% used [0x00000000f8e80000,0x00000000ff5c8000,0x0000000100000000)
  to   space 116224K, 0% used [0x00000000f1d00000,0x00000000f1d00000,0x00000000f8e80000)
 ParOldGen       total 442368K, used 271861K [0x00000000c0000000, 0x00000000db000000, 0x00000000eab00000)
  object space 442368K, 61% used [0x00000000c0000000,0x00000000d097d788,0x00000000db000000)
 Metaspace       used 65307K, capacity 70842K, committed 71640K, reserved 1112064K
  class space    used 8564K, capacity 9537K, committed 9728K, reserved 1048576K
}
Event: 11733.806 GC heap before
{Heap before GC invocations=57 (full 4):
 PSYoungGen      total 232960K, used 222496K [0x00000000eab00000, 0x0000000100000000, 0x0000000100000000)
  eden space 116736K, 100% used [0x00000000eab00000,0x00000000f1d00000,0x00000000f1d00000)
  from space 116224K, 90% used [0x00000000f8e80000,0x00000000ff5c8000,0x0000000100000000)
  to   space 116224K, 0% used [0x00000000f1d00000,0x00000000f1d00000,0x00000000f8e80000)
 ParOldGen       total 442368K, used 271861K [0x00000000c0000000, 0x00000000db000000, 0x00000000eab00000)
  object space 442368K, 61% used [0x00000000c0000000,0x00000000d097d788,0x00000000db000000)
 Metaspace       used 65307K, capacity 70842K, committed 71640K, reserved 1112064K
  class space    used 8564K, capacity 9537K, committed 9728K, reserved 1048576K
Event: 11734.016 GC heap after
Heap after GC invocations=57 (full 4):
 PSYoungGen      total 232960K, used 103648K [0x00000000eab00000, 0x0000000100000000, 0x0000000100000000)
  eden space 116736K, 0% used [0x00000000eab00000,0x00000000eab00000,0x00000000f1d00000)
  from space 116224K, 89% used [0x00000000f1d00000,0x00000000f8238000,0x00000000f8e80000)
  to   space 116224K, 0% used [0x00000000f8e80000,0x00000000f8e80000,0x0000000100000000)
 ParOldGen       total 442368K, used 300109K [0x00000000c0000000, 0x00000000db000000, 0x00000000eab00000)
  object space 442368K, 67% used [0x00000000c0000000,0x00000000d2513788,0x00000000db000000)
 Metaspace       used 65307K, capacity 70842K, committed 71640K, reserved 1112064K
  class space    used 8564K, capacity 9537K, committed 9728K, reserved 1048576K
}
Event: 11734.554 GC heap before
{Heap before GC invocations=58 (full 4):
 PSYoungGen      total 232960K, used 220384K [0x00000000eab00000, 0x0000000100000000, 0x0000000100000000)
  eden space 116736K, 100% used [0x00000000eab00000,0x00000000f1d00000,0x00000000f1d00000)
  from space 116224K, 89% used [0x00000000f1d00000,0x00000000f8238000,0x00000000f8e80000)
  to   space 116224K, 0% used [0x00000000f8e80000,0x00000000f8e80000,0x0000000100000000)
 ParOldGen       total 442368K, used 300109K [0x00000000c0000000, 0x00000000db000000, 0x00000000eab00000)
  object space 442368K, 67% used [0x00000000c0000000,0x00000000d2513788,0x00000000db000000)
 Metaspace       used 65307K, capacity 70842K, committed 71640K, reserved 1112064K
  class space    used 8564K, capacity 9537K, committed 9728K, reserved 1048576K
Event: 11734.746 GC heap after
Heap after GC invocations=58 (full 4):
 PSYoungGen      total 232960K, used 78304K [0x00000000eab00000, 0x0000000100000000, 0x0000000100000000)
  eden space 116736K, 0% used [0x00000000eab00000,0x00000000eab00000,0x00000000f1d00000)
  from space 116224K, 67% used [0x00000000f8e80000,0x00000000fdaf8000,0x0000000100000000)
  to   space 116224K, 0% used [0x00000000f1d00000,0x00000000f1d00000,0x00000000f8e80000)
 ParOldGen       total 442368K, used 351749K [0x00000000c0000000, 0x00000000db000000, 0x00000000eab00000)
  object space 442368K, 79% used [0x00000000c0000000,0x00000000d5781788,0x00000000db000000)
 Metaspace       used 65307K, capacity 70842K, committed 71640K, reserved 1112064K
  class space    used 8564K, capacity 9537K, committed 9728K, reserved 1048576K
}
Event: 11735.326 GC heap before
{Heap before GC invocations=59 (full 4):
 PSYoungGen      total 232960K, used 195040K [0x00000000eab00000, 0x0000000100000000, 0x0000000100000000)
  eden space 116736K, 100% used [0x00000000eab00000,0x00000000f1d00000,0x00000000f1d00000)
  from space 116224K, 67% used [0x00000000f8e80000,0x00000000fdaf8000,0x0000000100000000)
  to   space 116224K, 0% used [0x00000000f1d00000,0x00000000f1d00000,0x00000000f8e80000)
 ParOldGen       total 442368K, used 351749K [0x00000000c0000000, 0x00000000db000000, 0x00000000eab00000)
  object space 442368K, 79% used [0x00000000c0000000,0x00000000d5781788,0x00000000db000000)
 Metaspace       used 65307K, capacity 70842K, committed 71640K, reserved 1112064K
  class space    used 8564K, capacity 9537K, committed 9728K, reserved 1048576K
Event: 11736.064 GC heap after
Heap after GC invocations=59 (full 4):
 PSYoungGen      total 232960K, used 52192K [0x00000000eab00000, 0x0000000100000000, 0x0000000100000000)
  eden space 116736K, 0% used [0x00000000eab00000,0x00000000eab00000,0x00000000f1d00000)
  from space 116224K, 44% used [0x00000000f1d00000,0x00000000f4ff8000,0x00000000f8e80000)
  to   space 116224K, 0% used [0x00000000f8e80000,0x00000000f8e80000,0x0000000100000000)
 ParOldGen       total 442368K, used 404053K [0x00000000c0000000, 0x00000000db000000, 0x00000000eab00000)
  object space 442368K, 91% used [0x00000000c0000000,0x00000000d8a95788,0x00000000db000000)
 Metaspace       used 65307K, capacity 70842K, committed 71640K, reserved 1112064K
  class space    used 8564K, capacity 9537K, committed 9728K, reserved 1048576K
}
Event: 11736.064 GC heap before
{Heap before GC invocations=60 (full 5):
 PSYoungGen      total 232960K, used 52192K [0x00000000eab00000, 0x0000000100000000, 0x0000000100000000)
  eden space 116736K, 0% used [0x00000000eab00000,0x00000000eab00000,0x00000000f1d00000)
  from space 116224K, 44% used [0x00000000f1d00000,0x00000000f4ff8000,0x00000000f8e80000)
  to   space 116224K, 0% used [0x00000000f8e80000,0x00000000f8e80000,0x0000000100000000)
 ParOldGen       total 442368K, used 404053K [0x00000000c0000000, 0x00000000db000000, 0x00000000eab00000)
  object space 442368K, 91% used [0x00000000c0000000,0x00000000d8a95788,0x00000000db000000)
 Metaspace       used 65307K, capacity 70842K, committed 71640K, reserved 1112064K
  class space    used 8564K, capacity 9537K, committed 9728K, reserved 1048576K

